#
# There is insufficient memory for the Java Runtime Environment to continue.
# Native memory allocation (malloc) failed to allocate 418560 bytes for Chunk::new
# Possible reasons:
#   The system is out of physical RAM or swap space
#   In 32 bit mode, the process size limit was hit
# Possible solutions:
#   Reduce memory load on the system
#   Increase physical memory or swap space
#   Check if swap backing store is full
#   Use 64 bit Java on a 64 bit OS
#   Decrease Java heap size (-Xmx/-Xms)
#   Decrease number of Java threads
#   Decrease Java thread stack sizes (-Xss)
#   Set larger code cache with -XX:ReservedCodeCacheSize=
# This output file may be truncated or incomplete.
#
#  Out of Memory Error (allocation.cpp:390), pid=5588, tid=0x0000000000000690
#
# JRE version: OpenJDK Runtime Environment (8.0_112-b06) (build 1.8.0_112-release-b06)
# Java VM: OpenJDK 64-Bit Server VM (25.112-b06 mixed mode windows-amd64 compressed oops)
# Failed to write core dump. Minidumps are not enabled by default on client versions of Windows
#

---------------  T H R E A D  ---------------

Current thread (0x0000000016877800):  JavaThread "C2 CompilerThread0" daemon [_thread_in_native, id=1680, stack(0x0000000017ed0000,0x0000000017fd0000)]

Stack: [0x0000000017ed0000,0x0000000017fd0000]
[error occurred during error reporting (printing stack bounds), id 0xc0000005]

Native frames: (J=compiled Java code, j=interpreted, Vv=VM code, C=native code)


Current CompileTask:
C2:  26537 3324       4       groovy.lang.MetaClassImpl::addMetaMethodToIndex (65 bytes)


---------------  P R O C E S S  ---------------

Java Threads: ( => current thread )
  0x000000001b89e800 JavaThread "File lock request listener" [_thread_in_native, id=5044, stack(0x000000001d5c0000,0x000000001d6c0000)]
  0x0000000018b9f000 JavaThread "Stdin handler" [_thread_blocked, id=4752, stack(0x000000001b1d0000,0x000000001b2d0000)]
  0x0000000018b9a800 JavaThread "Asynchronous log dispatcher for DefaultDaemonConnection: socket connection from /127.0.0.1:51275 to /127.0.0.1:51276" [_thread_blocked, id=5372, stack(0x000000001b0d0000,0x000000001b1d0000)]
  0x000000001893d800 JavaThread "Daemon worker" [_thread_blocked, id=3584, stack(0x000000001afd0000,0x000000001b0d0000)]
  0x000000001894e800 JavaThread "Cancel handler" [_thread_blocked, id=3700, stack(0x000000001aed0000,0x000000001afd0000)]
  0x0000000018a0d800 JavaThread "pool-1-thread-1" [_thread_blocked, id=2264, stack(0x000000001add0000,0x000000001aed0000)]
  0x000000001843c800 JavaThread "Handler for socket connection from /127.0.0.1:51275 to /127.0.0.1:51276" [_thread_in_native, id=4028, stack(0x000000001acd0000,0x000000001add0000)]
  0x000000001843a000 JavaThread "Daemon" [_thread_blocked, id=840, stack(0x000000001abd0000,0x000000001acd0000)]
  0x0000000018afe800 JavaThread "Incoming local TCP Connector on port 51275" [_thread_in_native, id=1944, stack(0x000000001a4e0000,0x000000001a5e0000)]
  0x00000000181f8800 JavaThread "Service Thread" daemon [_thread_blocked, id=3244, stack(0x00000000185d0000,0x00000000186d0000)]
  0x00000000168bc000 JavaThread "C1 CompilerThread2" daemon [_thread_blocked, id=2024, stack(0x00000000180d0000,0x00000000181d0000)]
  0x0000000016868000 JavaThread "C2 CompilerThread1" daemon [_thread_in_native, id=6860, stack(0x0000000017fd0000,0x00000000180d0000)]
=>0x0000000016877800 JavaThread "C2 CompilerThread0" daemon [_thread_in_native, id=1680, stack(0x0000000017ed0000,0x0000000017fd0000)]
  0x0000000016875800 JavaThread "Attach Listener" daemon [_thread_blocked, id=3284, stack(0x0000000017dd0000,0x0000000017ed0000)]
  0x0000000016874800 JavaThread "Signal Dispatcher" daemon [_thread_blocked, id=484, stack(0x0000000017cd0000,0x0000000017dd0000)]
  0x0000000002efb000 JavaThread "Finalizer" daemon [_thread_blocked, id=6612, stack(0x0000000017ae0000,0x0000000017be0000)]
  0x0000000002ef0800 JavaThread "Reference Handler" daemon [_thread_blocked, id=7052, stack(0x00000000179e0000,0x0000000017ae0000)]
  0x0000000002e01000 JavaThread "main" [_thread_blocked, id=5212, stack(0x0000000002d00000,0x0000000002e00000)]

Other Threads:
  0x0000000016835800 VMThread [stack: 0x00000000178e0000,0x00000000179e0000] [id=7872]
  0x00000000168cb000 WatcherThread [stack: 0x00000000186d0000,0x00000000187d0000] [id=6232]

VM state:at safepoint (normal execution)

VM Mutex/Monitor currently owned by a thread:  ([mutex/lock_event])
[0x0000000002c8c6d0] Threads_lock - owner thread: 0x0000000016835800
[0x0000000002c8bfd0] Heap_lock - owner thread: 0x000000001893d800

Heap:
 PSYoungGen      total 70144K, used 2705K [0x00000000e0000000, 0x00000000e4b00000, 0x0000000100000000)
  eden space 63488K, 0% used [0x00000000e0000000,0x00000000e0000000,0x00000000e3e00000)
  from space 6656K, 40% used [0x00000000e3e00000,0x00000000e40a44d0,0x00000000e4480000)
  to   space 5632K, 0% used [0x00000000e4580000,0x00000000e4580000,0x00000000e4b00000)
 ParOldGen       total 26624K, used 12775K [0x00000000a0000000, 0x00000000a1a00000, 0x00000000e0000000)
  object space 26624K, 47% used [0x00000000a0000000,0x00000000a0c79f20,0x00000000a1a00000)
 Metaspace       used 31231K, capacity 31788K, committed 31872K, reserved 1081344K
  class space    used 4273K, capacity 4441K, committed 4480K, reserved 1048576K

Card table byte_map: [0x00000000122c0000,0x00000000125d0000] byte_map_base: 0x0000000011dc0000

Marking Bits: (ParMarkBitMap*) 0x00000000524818f0
 Begin Bits: [0x0000000012bd0000, 0x00000000143d0000)
 End Bits:   [0x00000000143d0000, 0x0000000015bd0000)

Polling page: 0x00000000014e0000

CodeCache: size=245760Kb used=12686Kb max_used=12686Kb free=233073Kb
 bounds [0x0000000002f00000, 0x0000000003b70000, 0x0000000011f00000]
 total_blobs=3822 nmethods=3155 adapters=580
 compilation: enabled

Compilation events (10 events):
Event: 26.131 Thread 0x00000000168bc000 3331       1       com.google.common.cache.LocalCache$2::offer (2 bytes)
Event: 26.132 Thread 0x00000000168bc000 nmethod 3331 0x0000000003b68110 code [0x0000000003b68260, 0x0000000003b68370]
Event: 26.157 Thread 0x00000000168bc000 3332       3       java.util.regex.Pattern$CharProperty::match (56 bytes)
Event: 26.158 Thread 0x00000000168bc000 nmethod 3332 0x0000000003b67910 code [0x0000000003b67aa0, 0x0000000003b67f88]
Event: 26.172 Thread 0x00000000168bc000 3333       3       java.util.Random::next (47 bytes)
Event: 26.173 Thread 0x00000000168bc000 nmethod 3333 0x0000000003b67210 code [0x0000000003b67380, 0x0000000003b67790]
Event: 26.175 Thread 0x00000000168bc000 3334       1       java.nio.channels.FileLock::isShared (5 bytes)
Event: 26.175 Thread 0x00000000168bc000 nmethod 3334 0x0000000003b66f50 code [0x0000000003b670a0, 0x0000000003b671b0]
Event: 26.176 Thread 0x00000000168bc000 3335       1       java.util.concurrent.locks.AbstractQueuedSynchronizer::compareAndSetWaitStatus (13 bytes)
Event: 26.176 Thread 0x00000000168bc000 nmethod 3335 0x0000000003b66c90 code [0x0000000003b66de0, 0x0000000003b66ef0]

GC Heap History (10 events):
Event: 10.521 GC heap after
Heap after GC invocations=9 (full 0):
 PSYoungGen      total 33792K, used 3499K [0x00000000e0000000, 0x00000000e3700000, 0x0000000100000000)
  eden space 28160K, 0% used [0x00000000e0000000,0x00000000e0000000,0x00000000e1b80000)
  from space 5632K, 62% used [0x00000000e1b80000,0x00000000e1eeafc0,0x00000000e2100000)
  to   space 5632K, 0% used [0x00000000e3180000,0x00000000e3180000,0x00000000e3700000)
 ParOldGen       total 38400K, used 8725K [0x00000000a0000000, 0x00000000a2580000, 0x00000000e0000000)
  object space 38400K, 22% used [0x00000000a0000000,0x00000000a08855b0,0x00000000a2580000)
 Metaspace       used 20847K, capacity 21230K, committed 21296K, reserved 1067008K
  class space    used 2791K, capacity 2944K, committed 2944K, reserved 1048576K
}
Event: 10.521 GC heap before
{Heap before GC invocations=10 (full 1):
 PSYoungGen      total 33792K, used 3499K [0x00000000e0000000, 0x00000000e3700000, 0x0000000100000000)
  eden space 28160K, 0% used [0x00000000e0000000,0x00000000e0000000,0x00000000e1b80000)
  from space 5632K, 62% used [0x00000000e1b80000,0x00000000e1eeafc0,0x00000000e2100000)
  to   space 5632K, 0% used [0x00000000e3180000,0x00000000e3180000,0x00000000e3700000)
 ParOldGen       total 38400K, used 8725K [0x00000000a0000000, 0x00000000a2580000, 0x00000000e0000000)
  object space 38400K, 22% used [0x00000000a0000000,0x00000000a08855b0,0x00000000a2580000)
 Metaspace       used 20847K, capacity 21230K, committed 21296K, reserved 1067008K
  class space    used 2791K, capacity 2944K, committed 2944K, reserved 1048576K
Event: 10.652 GC heap after
Heap after GC invocations=10 (full 1):
 PSYoungGen      total 33792K, used 0K [0x00000000e0000000, 0x00000000e3700000, 0x0000000100000000)
  eden space 28160K, 0% used [0x00000000e0000000,0x00000000e0000000,0x00000000e1b80000)
  from space 5632K, 0% used [0x00000000e1b80000,0x00000000e1b80000,0x00000000e2100000)
  to   space 5632K, 0% used [0x00000000e3180000,0x00000000e3180000,0x00000000e3700000)
 ParOldGen       total 26624K, used 7629K [0x00000000a0000000, 0x00000000a1a00000, 0x00000000e0000000)
  object space 26624K, 28% used [0x00000000a0000000,0x00000000a0773480,0x00000000a1a00000)
 Metaspace       used 20847K, capacity 21230K, committed 21296K, reserved 1067008K
  class space    used 2791K, capacity 2944K, committed 2944K, reserved 1048576K
}
Event: 12.118 GC heap before
{Heap before GC invocations=11 (full 1):
 PSYoungGen      total 33792K, used 28160K [0x00000000e0000000, 0x00000000e3700000, 0x0000000100000000)
  eden space 28160K, 100% used [0x00000000e0000000,0x00000000e1b80000,0x00000000e1b80000)
  from space 5632K, 0% used [0x00000000e1b80000,0x00000000e1b80000,0x00000000e2100000)
  to   space 5632K, 0% used [0x00000000e3180000,0x00000000e3180000,0x00000000e3700000)
 ParOldGen       total 26624K, used 7629K [0x00000000a0000000, 0x00000000a1a00000, 0x00000000e0000000)
  object space 26624K, 28% used [0x00000000a0000000,0x00000000a0773480,0x00000000a1a00000)
 Metaspace       used 23407K, capacity 23824K, committed 24064K, reserved 1071104K
  class space    used 3130K, capacity 3273K, committed 3328K, reserved 1048576K
Event: 12.127 GC heap after
Heap after GC invocations=11 (full 1):
 PSYoungGen      total 46592K, used 3240K [0x00000000e0000000, 0x00000000e3500000, 0x0000000100000000)
  eden space 43008K, 0% used [0x00000000e0000000,0x00000000e0000000,0x00000000e2a00000)
  from space 3584K, 90% used [0x00000000e3180000,0x00000000e34aa270,0x00000000e3500000)
  to   space 5632K, 0% used [0x00000000e2a00000,0x00000000e2a00000,0x00000000e2f80000)
 ParOldGen       total 26624K, used 7637K [0x00000000a0000000, 0x00000000a1a00000, 0x00000000e0000000)
  object space 26624K, 28% used [0x00000000a0000000,0x00000000a0775480,0x00000000a1a00000)
 Metaspace       used 23407K, capacity 23824K, committed 24064K, reserved 1071104K
  class space    used 3130K, capacity 3273K, committed 3328K, reserved 1048576K
}
Event: 14.527 GC heap before
{Heap before GC invocations=12 (full 1):
 PSYoungGen      total 46592K, used 46248K [0x00000000e0000000, 0x00000000e3500000, 0x0000000100000000)
  eden space 43008K, 100% used [0x00000000e0000000,0x00000000e2a00000,0x00000000e2a00000)
  from space 3584K, 90% used [0x00000000e3180000,0x00000000e34aa270,0x00000000e3500000)
  to   space 5632K, 0% used [0x00000000e2a00000,0x00000000e2a00000,0x00000000e2f80000)
 ParOldGen       total 26624K, used 7637K [0x00000000a0000000, 0x00000000a1a00000, 0x00000000e0000000)
  object space 26624K, 28% used [0x00000000a0000000,0x00000000a0775480,0x00000000a1a00000)
 Metaspace       used 26655K, capacity 27236K, committed 27520K, reserved 1073152K
  class space    used 3690K, capacity 3846K, committed 3968K, reserved 1048576K
Event: 14.541 GC heap after
Heap after GC invocations=12 (full 1):
 PSYoungGen      total 48640K, used 5619K [0x00000000e0000000, 0x00000000e4c00000, 0x0000000100000000)
  eden space 43008K, 0% used [0x00000000e0000000,0x00000000e0000000,0x00000000e2a00000)
  from space 5632K, 99% used [0x00000000e2a00000,0x00000000e2f7cc08,0x00000000e2f80000)
  to   space 6656K, 0% used [0x00000000e4580000,0x00000000e4580000,0x00000000e4c00000)
 ParOldGen       total 26624K, used 9002K [0x00000000a0000000, 0x00000000a1a00000, 0x00000000e0000000)
  object space 26624K, 33% used [0x00000000a0000000,0x00000000a08caad0,0x00000000a1a00000)
 Metaspace       used 26655K, capacity 27236K, committed 27520K, reserved 1073152K
  class space    used 3690K, capacity 3846K, committed 3968K, reserved 1048576K
}
Event: 17.773 GC heap before
{Heap before GC invocations=13 (full 1):
 PSYoungGen      total 48640K, used 48627K [0x00000000e0000000, 0x00000000e4c00000, 0x0000000100000000)
  eden space 43008K, 100% used [0x00000000e0000000,0x00000000e2a00000,0x00000000e2a00000)
  from space 5632K, 99% used [0x00000000e2a00000,0x00000000e2f7cc08,0x00000000e2f80000)
  to   space 6656K, 0% used [0x00000000e4580000,0x00000000e4580000,0x00000000e4c00000)
 ParOldGen       total 26624K, used 9002K [0x00000000a0000000, 0x00000000a1a00000, 0x00000000e0000000)
  object space 26624K, 33% used [0x00000000a0000000,0x00000000a08caad0,0x00000000a1a00000)
 Metaspace       used 29720K, capacity 30224K, committed 30464K, reserved 1075200K
  class space    used 4069K, capacity 4242K, committed 4352K, reserved 1048576K
Event: 17.789 GC heap after
Heap after GC invocations=13 (full 1):
 PSYoungGen      total 69120K, used 2961K [0x00000000e0000000, 0x00000000e4b00000, 0x0000000100000000)
  eden space 63488K, 0% used [0x00000000e0000000,0x00000000e0000000,0x00000000e3e00000)
  from space 5632K, 52% used [0x00000000e4580000,0x00000000e48647e0,0x00000000e4b00000)
  to   space 6656K, 0% used [0x00000000e3e00000,0x00000000e3e00000,0x00000000e4480000)
 ParOldGen       total 26624K, used 11663K [0x00000000a0000000, 0x00000000a1a00000, 0x00000000e0000000)
  object space 26624K, 43% used [0x00000000a0000000,0x00000000a0b63f00,0x00000000a1a00000)
 Metaspace       used 29720K, capacity 30224K, committed 30464K, reserved 1075200K
  class space    used 4069K, capacity 4242K, committed 4352K, reserved 1048576K
}
Event: 26.499 GC heap before
{Heap before GC invocations=14 (full 1):
 PSYoungGen      total 69120K, used 39932K [0x00000000e0000000, 0x00000000e4b00000, 0x0000000100000000)
  eden space 63488K, 58% used [0x00000000e0000000,0x00000000e241ab80,0x00000000e3e00000)
  from space 5632K, 52% used [0x00000000e4580000,0x00000000e48647e0,0x00000000e4b00000)
  to   space 6656K, 0% used [0x00000000e3e00000,0x00000000e3e00000,0x00000000e4480000)
 ParOldGen       total 26624K, used 11663K [0x00000000a0000000, 0x00000000a1a00000, 0x00000000e0000000)
  object space 26624K, 43% used [0x00000000a0000000,0x00000000a0b63f00,0x00000000a1a00000)
 Metaspace       used 31231K, capacity 31788K, committed 31872K, reserved 1081344K
  class space    used 4273K, capacity 4441K, committed 4480K, reserved 1048576K

Deoptimization events (10 events):
Event: 17.685 Thread 0x000000001893d800 Uncommon trap: reason=unstable_if action=reinterpret pc=0x00000000039f85dc method=com.sun.org.apache.xerces.internal.impl.XMLEntityScanner.scanContent(Lcom/sun/org/apache/xerces/internal/xni/XMLString;)I @ 385
Event: 17.790 Thread 0x0000000002efb000 Uncommon trap: reason=unstable_if action=reinterpret pc=0x000000000365ee34 method=java.lang.ref.ReferenceQueue.poll()Ljava/lang/ref/Reference; @ 4
Event: 17.838 Thread 0x000000001893d800 Uncommon trap: reason=unstable_if action=reinterpret pc=0x000000000390e4f0 method=com.sun.org.apache.xerces.internal.impl.XMLEntityScanner.scanName()Ljava/lang/String; @ 205
Event: 18.302 Thread 0x000000001893d800 Uncommon trap: reason=unstable_if action=reinterpret pc=0x00000000038eb0f4 method=com.sun.org.apache.xerces.internal.impl.io.UTF8Reader.read([CII)I @ 131
Event: 18.431 Thread 0x000000001893d800 Uncommon trap: reason=unstable_if action=reinterpret pc=0x0000000003a6499c method=sun.nio.cs.ISO_8859_1$Decoder.decodeArrayLoop(Ljava/nio/ByteBuffer;Ljava/nio/CharBuffer;)Ljava/nio/charset/CoderResult; @ 146
Event: 19.112 Thread 0x000000001893d800 Uncommon trap: reason=unstable_if action=reinterpret pc=0x0000000003a33d58 method=com.sun.org.apache.xerces.internal.impl.XMLEntityScanner.scanName()Ljava/lang/String; @ 69
Event: 19.244 Thread 0x000000001893d800 Uncommon trap: reason=unstable_if action=reinterpret pc=0x00000000039cd4e4 method=com.sun.org.apache.xerces.internal.impl.XMLEntityScanner.skipSpaces()Z @ 75
Event: 19.244 Thread 0x000000001893d800 Uncommon trap: reason=unstable_if action=reinterpret pc=0x00000000039bef40 method=com.sun.org.apache.xerces.internal.impl.XMLEntityScanner.skipSpaces()Z @ 75
Event: 19.274 Thread 0x000000001893d800 Uncommon trap: reason=unstable_if action=reinterpret pc=0x0000000003a40eec method=com.sun.org.apache.xerces.internal.impl.XMLDocumentFragmentScannerImpl$FragmentContentDriver.next()I @ 815
Event: 26.119 Thread 0x000000001893d800 Uncommon trap: reason=unstable_if action=reinterpret pc=0x00000000039a4588 method=java.util.regex.Pattern$CharProperty.match(Ljava/util/regex/Matcher;ILjava/lang/CharSequence;)Z @ 40

Internal exceptions (10 events):
Event: 26.046 Thread 0x000000001893d800 Exception <a 'java/lang/ClassNotFoundException': org/gradle/api/tasks/DeleteCustomizer> (0x00000000e1c0d6e8) thrown at [C:\src\android\AOSP-openjdk\external\jetbrains\jdk\hotspot\src\share\vm\classfile\systemDictionary.cpp, line 210]
Event: 26.059 Thread 0x000000001893d800 Exception <a 'java/lang/ClassNotFoundException': org/gradle/api/tasks/Delete_DecoratedCustomizer> (0x00000000e1c4ac00) thrown at [C:\src\android\AOSP-openjdk\external\jetbrains\jdk\hotspot\src\share\vm\classfile\systemDictionary.cpp, line 210]
Event: 26.100 Thread 0x000000001893d800 Exception <a 'java/lang/ClassNotFoundException': groovy/lang/GroovyObjectBeanInfo> (0x00000000e1d6ddb8) thrown at [C:\src\android\AOSP-openjdk\external\jetbrains\jdk\hotspot\src\share\vm\classfile\systemDictionary.cpp, line 210]
Event: 26.101 Thread 0x000000001893d800 Exception <a 'java/lang/ClassNotFoundException': groovy/lang/GroovyObjectCustomizer> (0x00000000e1d8c3c8) thrown at [C:\src\android\AOSP-openjdk\external\jetbrains\jdk\hotspot\src\share\vm\classfile\systemDictionary.cpp, line 210]
Event: 26.105 Thread 0x000000001893d800 Exception <a 'java/lang/ClassNotFoundException': org/gradle/api/ScriptBeanInfo> (0x00000000e1db9690) thrown at [C:\src\android\AOSP-openjdk\external\jetbrains\jdk\hotspot\src\share\vm\classfile\systemDictionary.cpp, line 210]
Event: 26.106 Thread 0x000000001893d800 Exception <a 'java/lang/ClassNotFoundException': org/gradle/api/ScriptCustomizer> (0x00000000e1dd6e68) thrown at [C:\src\android\AOSP-openjdk\external\jetbrains\jdk\hotspot\src\share\vm\classfile\systemDictionary.cpp, line 210]
Event: 26.110 Thread 0x000000001893d800 Exception <a 'java/lang/ClassNotFoundException': org/gradle/api/internal/file/FileOperationsBeanInfo> (0x00000000e1e1fb40) thrown at [C:\src\android\AOSP-openjdk\external\jetbrains\jdk\hotspot\src\share\vm\classfile\systemDictionary.cpp, line 210]
Event: 26.112 Thread 0x000000001893d800 Exception <a 'java/lang/ClassNotFoundException': org/gradle/api/internal/file/FileOperationsCustomizer> (0x00000000e1e47e90) thrown at [C:\src\android\AOSP-openjdk\external\jetbrains\jdk\hotspot\src\share\vm\classfile\systemDictionary.cpp, line 210]
Event: 26.115 Thread 0x000000001893d800 Exception <a 'java/lang/ClassNotFoundException': org/gradle/api/internal/ProcessOperationsBeanInfo> (0x00000000e1e8b460) thrown at [C:\src\android\AOSP-openjdk\external\jetbrains\jdk\hotspot\src\share\vm\classfile\systemDictionary.cpp, line 210]
Event: 26.117 Thread 0x000000001893d800 Exception <a 'java/lang/ClassNotFoundException': org/gradle/api/internal/ProcessOperationsCustomizer> (0x00000000e1eb2cb0) thrown at [C:\src\android\AOSP-openjdk\external\jetbrains\jdk\hotspot\src\share\vm\classfile\systemDictionary.cpp, line 210]

Events (10 events):
Event: 26.496 loading class org/codehaus/groovy/ast/EnumConstantClassNode done
Event: 26.497 loading class org/codehaus/groovy/antlr/AntlrParserPlugin$AnonymousInnerClassCarrier
Event: 26.497 loading class org/codehaus/groovy/antlr/AntlrParserPlugin$AnonymousInnerClassCarrier done
Event: 26.497 loading class org/codehaus/groovy/ast/expr/ArrayExpression
Event: 26.497 loading class org/codehaus/groovy/ast/expr/ArrayExpression done
Event: 26.498 loading class org/codehaus/groovy/ast/expr/PostfixExpression
Event: 26.498 loading class org/codehaus/groovy/ast/expr/PostfixExpression done
Event: 26.498 loading class org/codehaus/groovy/ast/expr/MethodPointerExpression
Event: 26.498 loading class org/codehaus/groovy/ast/expr/MethodPointerExpression done
Event: 26.499 Executing VM operation: CollectForMetadataAllocation


Dynamic libraries:
0x00007ff6e1fb0000 - 0x00007ff6e1fe1000 	C:\Program Files\Android\Android Studio\jre\bin\java.exe
0x00007ffb4ba30000 - 0x00007ffb4bc01000 	C:\Windows\SYSTEM32\ntdll.dll
0x00007ffb4ae60000 - 0x00007ffb4af0b000 	C:\Windows\System32\KERNEL32.DLL
0x00007ffb48b40000 - 0x00007ffb48d5d000 	C:\Windows\System32\KERNELBASE.dll
0x00007ffb49170000 - 0x00007ffb49212000 	C:\Windows\System32\ADVAPI32.dll
0x00007ffb4b990000 - 0x00007ffb4ba2e000 	C:\Windows\System32\msvcrt.dll
0x00007ffb4b8c0000 - 0x00007ffb4b919000 	C:\Windows\System32\sechost.dll
0x00007ffb49450000 - 0x00007ffb49571000 	C:\Windows\System32\RPCRT4.dll
0x00007ffb49220000 - 0x00007ffb49385000 	C:\Windows\System32\USER32.dll
0x00007ffb487a0000 - 0x00007ffb487be000 	C:\Windows\System32\win32u.dll
0x00007ffb4af40000 - 0x00007ffb4af74000 	C:\Windows\System32\GDI32.dll
0x00007ffb48d60000 - 0x00007ffb48ee2000 	C:\Windows\System32\gdi32full.dll
0x00007ffb3d970000 - 0x00007ffb3dbea000 	C:\Windows\WinSxS\amd64_microsoft.windows.common-controls_6595b64144ccf1df_6.0.14393.953_none_42151e83c686086b\COMCTL32.dll
0x00007ffb4b4f0000 - 0x00007ffb4b7b8000 	C:\Windows\System32\combase.dll
0x00007ffb47fc0000 - 0x00007ffb480b5000 	C:\Windows\System32\ucrtbase.dll
0x00007ffb48ef0000 - 0x00007ffb48f5a000 	C:\Windows\System32\bcryptPrimitives.dll
0x00007ffb4af10000 - 0x00007ffb4af3e000 	C:\Windows\System32\IMM32.DLL
0x0000000051be0000 - 0x0000000051cb2000 	C:\Program Files\Android\Android Studio\jre\jre\bin\msvcr100.dll
0x0000000051cc0000 - 0x00000000524fc000 	C:\Program Files\Android\Android Studio\jre\jre\bin\server\jvm.dll
0x00007ffb4ae50000 - 0x00007ffb4ae58000 	C:\Windows\System32\PSAPI.DLL
0x00007ffb2da50000 - 0x00007ffb2da59000 	C:\Windows\SYSTEM32\WSOCK32.dll
0x00007ffb45da0000 - 0x00007ffb45dc3000 	C:\Windows\SYSTEM32\WINMM.dll
0x00007ffb44ce0000 - 0x00007ffb44cea000 	C:\Windows\SYSTEM32\VERSION.dll
0x00007ffb4b920000 - 0x00007ffb4b98a000 	C:\Windows\System32\WS2_32.dll
0x00007ffb45d70000 - 0x00007ffb45d9b000 	C:\Windows\SYSTEM32\WINMMBASE.dll
0x00007ffb48870000 - 0x00007ffb488b2000 	C:\Windows\System32\cfgmgr32.dll
0x00007ffb41b30000 - 0x00007ffb41b3f000 	C:\Program Files\Android\Android Studio\jre\jre\bin\verify.dll
0x00007ffb41470000 - 0x00007ffb41499000 	C:\Program Files\Android\Android Studio\jre\jre\bin\java.dll
0x00007ffb41450000 - 0x00007ffb41466000 	C:\Program Files\Android\Android Studio\jre\jre\bin\zip.dll
0x00007ffb49940000 - 0x00007ffb4ae48000 	C:\Windows\System32\SHELL32.dll
0x00007ffb480c0000 - 0x00007ffb4879a000 	C:\Windows\System32\windows.storage.dll
0x00007ffb47e90000 - 0x00007ffb47edc000 	C:\Windows\System32\powrprof.dll
0x00007ffb493f0000 - 0x00007ffb49442000 	C:\Windows\System32\shlwapi.dll
0x00007ffb47ee0000 - 0x00007ffb47eef000 	C:\Windows\System32\kernel.appcore.dll
0x00007ffb488c0000 - 0x00007ffb48969000 	C:\Windows\System32\shcore.dll
0x00007ffb47f00000 - 0x00007ffb47f14000 	C:\Windows\System32\profapi.dll
0x00007ffb41430000 - 0x00007ffb4144a000 	C:\Program Files\Android\Android Studio\jre\jre\bin\net.dll
0x00007ffb47760000 - 0x00007ffb477bc000 	C:\Windows\system32\mswsock.dll
0x00007ffb3d400000 - 0x00007ffb3d411000 	C:\Program Files\Android\Android Studio\jre\jre\bin\nio.dll
0x00007ffb3cfa0000 - 0x00007ffb3cfbe000 	C:\Users\GogoMix\.gradle\native\23\windows-amd64\native-platform.dll
0x00007ffb47900000 - 0x00007ffb47917000 	C:\Windows\SYSTEM32\CRYPTSP.dll
0x00007ffb47360000 - 0x00007ffb47393000 	C:\Windows\system32\rsaenh.dll
0x00007ffb47dd0000 - 0x00007ffb47dfb000 	C:\Windows\SYSTEM32\bcrypt.dll
0x00007ffb475e0000 - 0x00007ffb475ff000 	C:\Windows\SYSTEM32\USERENV.dll
0x00007ffb47920000 - 0x00007ffb4792b000 	C:\Windows\SYSTEM32\CRYPTBASE.dll
0x00007ffb474e0000 - 0x00007ffb47518000 	C:\Windows\SYSTEM32\IPHLPAPI.DLL
0x00007ffb49160000 - 0x00007ffb49168000 	C:\Windows\System32\NSI.dll
0x00007ffb40c60000 - 0x00007ffb40c76000 	C:\Windows\SYSTEM32\dhcpcsvc6.DLL
0x00007ffb415e0000 - 0x00007ffb415fa000 	C:\Windows\SYSTEM32\dhcpcsvc.DLL
0x00007ffb41af0000 - 0x00007ffb41afd000 	C:\Program Files\Android\Android Studio\jre\jre\bin\management.dll

VM Arguments:
jvm_args: -Xmx1536m -Dfile.encoding=windows-1252 -Duser.country=US -Duser.language=en -Duser.variant 
java_command: org.gradle.launcher.daemon.bootstrap.GradleDaemon 3.3
java_class_path (initial): C:\Users\GogoMix\.gradle\wrapper\dists\gradle-3.3-all\55gk2rcmfc6p2dg9u9ohc3hw9\gradle-3.3\lib\gradle-launcher-3.3.jar
Launcher Type: SUN_STANDARD

Environment Variables:
PATH=C:\Windows\system32;C:\Windows;C:\Windows\System32\Wbem;C:\Windows\System32\WindowsPowerShell\v1.0\;C:\Program Files (x86)\Windows Kits\10\Windows Performance Toolkit\;C:\Program Files\Microsoft SQL Server\130\Tools\Binn\;C:\Program Files\dotnet\;C:\Program Files\Git\cmd;C:\Program Files (x86)\GtkSharp\2.12\bin;C:\Program Files\Microsoft SQL Server\Client SDK\ODBC\130\Tools\Binn\;C:\Program Files (x86)\Microsoft SQL Server\130\Tools\Binn\;C:\Program Files\Microsoft SQL Server\130\DTS\Binn\;C:\Program Files (x86)\Microsoft SQL Server\Client SDK\ODBC\130\Tools\Binn\;C:\Program Files (x86)\Microsoft SQL Server\130\DTS\Binn\;C:\Program Files (x86)\Microsoft SQL Server\130\Tools\Binn\ManagementStudio\;C:\Users\GogoMix\AppData\Local\Microsoft\WindowsApps;
USERNAME=GogoMix
OS=Windows_NT
PROCESSOR_IDENTIFIER=AMD64 Family 22 Model 48 Stepping 1, AuthenticAMD



---------------  S Y S T E M  ---------------

OS: Windows 10.0 , 64 bit Build 14393 (10.0.14393.0)

CPU:total 4 (4 cores per cpu, 1 threads per core) family 22 model 48 stepping 1, cmov, cx8, fxsr, mmx, sse, sse2, sse3, ssse3, sse4.1, sse4.2, popcnt, avx, aes, clmul, mmxext, 3dnowpref, lzcnt, sse4a, tsc, tscinvbit, tscinv, bmi1

Memory: 4k page, physical 3599348k(666504k free), swap 4647924k(4368k free)

vm_info: OpenJDK 64-Bit Server VM (25.112-b06) for windows-amd64 JRE (1.8.0_112-release-b06), built on Dec  8 2016 00:54:26 by "builder" with MS VC++ 10.0 (VS2010)

time: Sat May 13 09:12:17 2017
elapsed time: 26 seconds (0d 0h 0m 26s)

